[debug] [2024-02-08T19:03:15.233Z] ----------------------------------------------------------------------
[debug] [2024-02-08T19:03:15.235Z] Command:       /Users/folvera/.nvm/versions/node/v18.17.0/bin/node /Users/folvera/.nvm/versions/node/v14.17.0/bin/firebase init
[debug] [2024-02-08T19:03:15.235Z] CLI Version:   13.2.1
[debug] [2024-02-08T19:03:15.235Z] Platform:      darwin
[debug] [2024-02-08T19:03:15.235Z] Node Version:  v18.17.0
[debug] [2024-02-08T19:03:15.237Z] Time:          Thu Feb 08 2024 16:03:15 GMT-0300 (Horário Padrão de Brasília)
[debug] [2024-02-08T19:03:15.237Z] ----------------------------------------------------------------------
[debug]
[debug] [2024-02-08T19:03:15.242Z] > command requires scopes: ["email","openid","https://www.googleapis.com/auth/cloudplatformprojects.readonly","https://www.googleapis.com/auth/firebase","https://www.googleapis.com/auth/cloud-platform"]
[debug] [2024-02-08T19:03:15.243Z] > authorizing via signed-in user (olverajunior2014@gmail.com)
[info]
     ######## #### ########  ######## ########     ###     ######  ########
     ##        ##  ##     ## ##       ##     ##  ##   ##  ##       ##
     ######    ##  ########  ######   ########  #########  ######  ######
     ##        ##  ##    ##  ##       ##     ## ##     ##       ## ##
     ##       #### ##     ## ######## ########  ##     ##  ######  ########

You're about to initialize a Firebase project in this directory:

  /Users/folvera/Projects/folvera/Portfolio/frontend

[info]
=== Project Setup
[info]
[info] First, let's associate this project directory with a Firebase project.
[info] You can create multiple project aliases by running firebase use --add,
[info] but for now we'll just set up a default project.
[info]
[debug] [2024-02-08T19:03:43.268Z] >>> [apiv2][query] GET https://firebase.googleapis.com/v1beta1/projects pageSize=100
[debug] [2024-02-08T19:03:44.140Z] <<< [apiv2][status] GET https://firebase.googleapis.com/v1beta1/projects 200
[debug] [2024-02-08T19:03:44.140Z] <<< [apiv2][body] GET https://firebase.googleapis.com/v1beta1/projects [omitted]
[info] i  Using project portifolio-nextjs-4ab5d (portifolio-nextjs)
[info]
=== Database Setup
[info] i  database: ensuring required API firebasedatabase.googleapis.com is enabled...
[debug] [2024-02-08T19:03:46.809Z] >>> [apiv2][query] GET https://serviceusage.googleapis.com/v1/projects/portifolio-nextjs-4ab5d/services/firebasedatabase.googleapis.com [none]
[debug] [2024-02-08T19:03:46.810Z] >>> [apiv2][(partial)header] GET https://serviceusage.googleapis.com/v1/projects/portifolio-nextjs-4ab5d/services/firebasedatabase.googleapis.com x-goog-quota-user=projects/portifolio-nextjs-4ab5d
[debug] [2024-02-08T19:03:47.987Z] <<< [apiv2][status] GET https://serviceusage.googleapis.com/v1/projects/portifolio-nextjs-4ab5d/services/firebasedatabase.googleapis.com 200
[debug] [2024-02-08T19:03:47.987Z] <<< [apiv2][body] GET https://serviceusage.googleapis.com/v1/projects/portifolio-nextjs-4ab5d/services/firebasedatabase.googleapis.com [omitted]
[info] ✔  database: required API firebasedatabase.googleapis.com is enabled
[info]
[debug] [2024-02-08T19:03:47.988Z] >>> [apiv2][query] GET https://firebasedatabase.googleapis.com/v1beta/projects/portifolio-nextjs-4ab5d/locations/-/instances/portifolio-nextjs-4ab5d-default-rtdb [none]
[debug] [2024-02-08T19:03:49.256Z] <<< [apiv2][status] GET https://firebasedatabase.googleapis.com/v1beta/projects/portifolio-nextjs-4ab5d/locations/-/instances/portifolio-nextjs-4ab5d-default-rtdb 200
[debug] [2024-02-08T19:03:49.257Z] <<< [apiv2][body] GET https://firebasedatabase.googleapis.com/v1beta/projects/portifolio-nextjs-4ab5d/locations/-/instances/portifolio-nextjs-4ab5d-default-rtdb {"name":"projects/905128421143/locations/us-central1/instances/portifolio-nextjs-4ab5d-default-rtdb","project":"projects/905128421143","databaseUrl":"https://portifolio-nextjs-4ab5d-default-rtdb.firebaseio.com","type":"DEFAULT_DATABASE","state":"ACTIVE"}
[info]
[info] Firebase Realtime Database Security Rules allow you to define how your data should be
[info] structured and when your data can be read from and written to.
[info]
[debug] [2024-02-08T19:03:59.856Z] >>> [apiv2][query] GET https://portifolio-nextjs-4ab5d-default-rtdb.firebaseio.com/.settings/rules.json [none]
[debug] [2024-02-08T19:04:00.198Z] <<< [apiv2][status] GET https://portifolio-nextjs-4ab5d-default-rtdb.firebaseio.com/.settings/rules.json 200
[debug] [2024-02-08T19:04:00.198Z] <<< [apiv2][body] GET https://portifolio-nextjs-4ab5d-default-rtdb.firebaseio.com/.settings/rules.json [stream]
[info] ✔  Database Rules for portifolio-nextjs-4ab5d-default-rtdb have been written to 	database.rules.json.
[info] Future modifications to 	database.rules.json will update Realtime Database Security Rules when you run
[info] firebase deploy.
[info]
=== Firestore Setup
[debug] [2024-02-08T19:04:00.200Z] >>> [apiv2][query] GET https://serviceusage.googleapis.com/v1/projects/portifolio-nextjs-4ab5d/services/firestore.googleapis.com [none]
[debug] [2024-02-08T19:04:00.200Z] >>> [apiv2][(partial)header] GET https://serviceusage.googleapis.com/v1/projects/portifolio-nextjs-4ab5d/services/firestore.googleapis.com x-goog-quota-user=projects/portifolio-nextjs-4ab5d
[debug] [2024-02-08T19:04:01.309Z] <<< [apiv2][status] GET https://serviceusage.googleapis.com/v1/projects/portifolio-nextjs-4ab5d/services/firestore.googleapis.com 200
[debug] [2024-02-08T19:04:01.309Z] <<< [apiv2][body] GET https://serviceusage.googleapis.com/v1/projects/portifolio-nextjs-4ab5d/services/firestore.googleapis.com [omitted]
[debug] [2024-02-08T19:04:01.310Z] >>> [apiv2][query] GET https://firestore.googleapis.com/v1/projects/portifolio-nextjs-4ab5d/databases/(default) [none]
[debug] [2024-02-08T19:04:01.490Z] <<< [apiv2][status] GET https://firestore.googleapis.com/v1/projects/portifolio-nextjs-4ab5d/databases/(default) 200
[debug] [2024-02-08T19:04:01.490Z] <<< [apiv2][body] GET https://firestore.googleapis.com/v1/projects/portifolio-nextjs-4ab5d/databases/(default) {"name":"projects/portifolio-nextjs-4ab5d/databases/(default)","uid":"fbf305cb-87fa-41b3-ba6e-f945fa53215a","createTime":"2024-02-08T19:00:12.841865Z","updateTime":"2024-02-08T19:00:12.841865Z","locationId":"southamerica-east1","type":"FIRESTORE_NATIVE","concurrencyMode":"PESSIMISTIC","versionRetentionPeriod":"3600s","earliestVersionTime":"2024-02-08T19:00:12.841865Z","appEngineIntegrationMode":"DISABLED","keyPrefix":"i","pointInTimeRecoveryEnablement":"POINT_IN_TIME_RECOVERY_DISABLED","deleteProtectionState":"DELETE_PROTECTION_DISABLED","etag":"ILqu2su3nIQDMIn/yd62nIQD"}
[debug] [2024-02-08T19:04:01.490Z] database_type: FIRESTORE_NATIVE
[debug] [2024-02-08T19:04:01.490Z] > command requires scopes: ["email","openid","https://www.googleapis.com/auth/cloudplatformprojects.readonly","https://www.googleapis.com/auth/firebase","https://www.googleapis.com/auth/cloud-platform"]
[debug] [2024-02-08T19:04:01.491Z] > authorizing via signed-in user (olverajunior2014@gmail.com)
[debug] [2024-02-08T19:04:01.491Z] [iam] checking project portifolio-nextjs-4ab5d for permissions ["firebase.projects.get"]
[debug] [2024-02-08T19:04:01.491Z] >>> [apiv2][query] POST https://cloudresourcemanager.googleapis.com/v1/projects/portifolio-nextjs-4ab5d:testIamPermissions [none]
[debug] [2024-02-08T19:04:01.491Z] >>> [apiv2][(partial)header] POST https://cloudresourcemanager.googleapis.com/v1/projects/portifolio-nextjs-4ab5d:testIamPermissions x-goog-quota-user=projects/portifolio-nextjs-4ab5d
[debug] [2024-02-08T19:04:01.491Z] >>> [apiv2][body] POST https://cloudresourcemanager.googleapis.com/v1/projects/portifolio-nextjs-4ab5d:testIamPermissions {"permissions":["firebase.projects.get"]}
[debug] [2024-02-08T19:04:02.447Z] <<< [apiv2][status] POST https://cloudresourcemanager.googleapis.com/v1/projects/portifolio-nextjs-4ab5d:testIamPermissions 200
[debug] [2024-02-08T19:04:02.448Z] <<< [apiv2][body] POST https://cloudresourcemanager.googleapis.com/v1/projects/portifolio-nextjs-4ab5d:testIamPermissions {"permissions":["firebase.projects.get"]}
[info]
[info] Firestore Security Rules allow you to define how and when to allow
[info] requests. You can keep these rules in your project directory
[info] and publish them with firebase deploy.
[info]
[debug] [2024-02-08T19:04:13.274Z] >>> [apiv2][query] GET https://firebaserules.googleapis.com/v1/projects/portifolio-nextjs-4ab5d/releases pageSize=10&pageToken=
[debug] [2024-02-08T19:04:14.445Z] <<< [apiv2][status] GET https://firebaserules.googleapis.com/v1/projects/portifolio-nextjs-4ab5d/releases 200
[debug] [2024-02-08T19:04:14.446Z] <<< [apiv2][body] GET https://firebaserules.googleapis.com/v1/projects/portifolio-nextjs-4ab5d/releases {"releases":[{"name":"projects/portifolio-nextjs-4ab5d/releases/cloud.firestore","rulesetName":"projects/portifolio-nextjs-4ab5d/rulesets/9753a516-917b-412e-b746-00d7c8cb32b4","createTime":"2024-02-08T19:00:20.332397Z","updateTime":"2024-02-08T19:00:20.332397Z"}]}
[debug] [2024-02-08T19:04:14.446Z] Found ruleset: projects/portifolio-nextjs-4ab5d/rulesets/9753a516-917b-412e-b746-00d7c8cb32b4
[debug] [2024-02-08T19:04:14.446Z] >>> [apiv2][query] GET https://firebaserules.googleapis.com/v1/projects/portifolio-nextjs-4ab5d/rulesets/9753a516-917b-412e-b746-00d7c8cb32b4 [none]
[debug] [2024-02-08T19:04:15.403Z] <<< [apiv2][status] GET https://firebaserules.googleapis.com/v1/projects/portifolio-nextjs-4ab5d/rulesets/9753a516-917b-412e-b746-00d7c8cb32b4 200
[debug] [2024-02-08T19:04:15.403Z] <<< [apiv2][body] GET https://firebaserules.googleapis.com/v1/projects/portifolio-nextjs-4ab5d/rulesets/9753a516-917b-412e-b746-00d7c8cb32b4 [omitted]
[info]
[info] Firestore indexes allow you to perform complex queries while
[info] maintaining performance that scales with the size of the result
[info] set. You can keep index definitions in your project directory
[info] and publish them with firebase deploy.
[info]
[debug] [2024-02-08T19:04:27.500Z] >>> [apiv2][query] GET https://firestore.googleapis.com/v1/projects/portifolio-nextjs-4ab5d/databases/(default)/collectionGroups/-/indexes [none]
[debug] [2024-02-08T19:04:27.502Z] >>> [apiv2][query] GET https://firestore.googleapis.com/v1/projects/portifolio-nextjs-4ab5d/databases/(default)/collectionGroups/-/fields?filter=indexConfig.usesAncestorConfig=false OR ttlConfig:* [none]
[debug] [2024-02-08T19:04:27.612Z] <<< [apiv2][status] GET https://firestore.googleapis.com/v1/projects/portifolio-nextjs-4ab5d/databases/(default)/collectionGroups/-/indexes 200
[debug] [2024-02-08T19:04:27.612Z] <<< [apiv2][body] GET https://firestore.googleapis.com/v1/projects/portifolio-nextjs-4ab5d/databases/(default)/collectionGroups/-/indexes {}
[debug] [2024-02-08T19:04:27.725Z] <<< [apiv2][status] GET https://firestore.googleapis.com/v1/projects/portifolio-nextjs-4ab5d/databases/(default)/collectionGroups/-/fields?filter=indexConfig.usesAncestorConfig=false OR ttlConfig:* 200
[debug] [2024-02-08T19:04:27.725Z] <<< [apiv2][body] GET https://firestore.googleapis.com/v1/projects/portifolio-nextjs-4ab5d/databases/(default)/collectionGroups/-/fields?filter=indexConfig.usesAncestorConfig=false OR ttlConfig:* {"fields":[{"name":"projects/portifolio-nextjs-4ab5d/databases/(default)/collectionGroups/__default__/fields/*","indexConfig":{"indexes":[{"queryScope":"COLLECTION","fields":[{"fieldPath":"*","order":"ASCENDING"}],"state":"READY"},{"queryScope":"COLLECTION","fields":[{"fieldPath":"*","order":"DESCENDING"}],"state":"READY"},{"queryScope":"COLLECTION","fields":[{"fieldPath":"*","arrayConfig":"CONTAINS"}],"state":"READY"}]}}]}
[info]
=== Hosting Setup
[debug] [2024-02-08T19:04:27.745Z] >>> [apiv2][query] GET https://firebase.googleapis.com/v1beta1/projects/portifolio-nextjs-4ab5d [none]
[debug] [2024-02-08T19:04:28.109Z] <<< [apiv2][status] GET https://firebase.googleapis.com/v1beta1/projects/portifolio-nextjs-4ab5d 200
[debug] [2024-02-08T19:04:28.109Z] <<< [apiv2][body] GET https://firebase.googleapis.com/v1beta1/projects/portifolio-nextjs-4ab5d {"projectId":"portifolio-nextjs-4ab5d","projectNumber":"905128421143","displayName":"portifolio-nextjs","name":"projects/portifolio-nextjs-4ab5d","resources":{"hostingSite":"portifolio-nextjs-4ab5d","realtimeDatabaseInstance":"portifolio-nextjs-4ab5d-default-rtdb"},"state":"ACTIVE","etag":"1_63bd46d1-39c4-4352-8085-2ea56ba812b8"}
[info]
[info] Your public directory is the folder (relative to your project directory) that
[info] will contain Hosting assets to be uploaded with firebase deploy. If you
[info] have a build process for your assets, use your build's output directory.
[info]
